<?xml version="1.0" encoding="UTF-8"?>
<testsuite xmlns:xsi="http://www.w3.org/2001/XMLSchema-instance" xsi:noNamespaceSchemaLocation="https://maven.apache.org/surefire/maven-surefire-plugin/xsd/surefire-test-report.xsd" name="TestSuite" time="71.501" tests="37" errors="0" skipped="0" failures="11">
  <properties>
    <property name="java.specification.version" value="22"/>
    <property name="sun.cpu.isalist" value="amd64"/>
    <property name="sun.jnu.encoding" value="Cp1252"/>
    <property name="java.class.path" value="C:\Users\poonam\eclipse-workspace\iris22a\target\test-classes;C:\Users\poonam\eclipse-workspace\iris22a\target\classes;C:\Users\poonam\.m2\repository\org\seleniumhq\selenium\selenium-java\4.23.1\selenium-java-4.23.1.jar;C:\Users\poonam\.m2\repository\org\seleniumhq\selenium\selenium-api\4.23.1\selenium-api-4.23.1.jar;C:\Users\poonam\.m2\repository\org\seleniumhq\selenium\selenium-chrome-driver\4.23.1\selenium-chrome-driver-4.23.1.jar;C:\Users\poonam\.m2\repository\com\google\auto\service\auto-service-annotations\1.1.1\auto-service-annotations-1.1.1.jar;C:\Users\poonam\.m2\repository\org\seleniumhq\selenium\selenium-chromium-driver\4.23.1\selenium-chromium-driver-4.23.1.jar;C:\Users\poonam\.m2\repository\org\seleniumhq\selenium\selenium-json\4.23.1\selenium-json-4.23.1.jar;C:\Users\poonam\.m2\repository\org\seleniumhq\selenium\selenium-manager\4.23.1\selenium-manager-4.23.1.jar;C:\Users\poonam\.m2\repository\org\seleniumhq\selenium\selenium-devtools-v125\4.23.1\selenium-devtools-v125-4.23.1.jar;C:\Users\poonam\.m2\repository\org\seleniumhq\selenium\selenium-devtools-v126\4.23.1\selenium-devtools-v126-4.23.1.jar;C:\Users\poonam\.m2\repository\org\seleniumhq\selenium\selenium-devtools-v127\4.23.1\selenium-devtools-v127-4.23.1.jar;C:\Users\poonam\.m2\repository\org\seleniumhq\selenium\selenium-devtools-v85\4.23.1\selenium-devtools-v85-4.23.1.jar;C:\Users\poonam\.m2\repository\org\seleniumhq\selenium\selenium-edge-driver\4.23.1\selenium-edge-driver-4.23.1.jar;C:\Users\poonam\.m2\repository\org\seleniumhq\selenium\selenium-firefox-driver\4.23.1\selenium-firefox-driver-4.23.1.jar;C:\Users\poonam\.m2\repository\org\seleniumhq\selenium\selenium-http\4.23.1\selenium-http-4.23.1.jar;C:\Users\poonam\.m2\repository\dev\failsafe\failsafe\3.3.2\failsafe-3.3.2.jar;C:\Users\poonam\.m2\repository\org\seleniumhq\selenium\selenium-ie-driver\4.23.1\selenium-ie-driver-4.23.1.jar;C:\Users\poonam\.m2\repository\org\seleniumhq\selenium\selenium-remote-driver\4.23.1\selenium-remote-driver-4.23.1.jar;C:\Users\poonam\.m2\repository\com\google\guava\guava\33.2.1-jre\guava-33.2.1-jre.jar;C:\Users\poonam\.m2\repository\com\google\guava\failureaccess\1.0.2\failureaccess-1.0.2.jar;C:\Users\poonam\.m2\repository\com\google\guava\listenablefuture\9999.0-empty-to-avoid-conflict-with-guava\listenablefuture-9999.0-empty-to-avoid-conflict-with-guava.jar;C:\Users\poonam\.m2\repository\com\google\code\findbugs\jsr305\3.0.2\jsr305-3.0.2.jar;C:\Users\poonam\.m2\repository\org\checkerframework\checker-qual\3.42.0\checker-qual-3.42.0.jar;C:\Users\poonam\.m2\repository\com\google\errorprone\error_prone_annotations\2.26.1\error_prone_annotations-2.26.1.jar;C:\Users\poonam\.m2\repository\com\google\j2objc\j2objc-annotations\3.0.0\j2objc-annotations-3.0.0.jar;C:\Users\poonam\.m2\repository\io\opentelemetry\semconv\opentelemetry-semconv\1.25.0-alpha\opentelemetry-semconv-1.25.0-alpha.jar;C:\Users\poonam\.m2\repository\io\opentelemetry\opentelemetry-api\1.40.0\opentelemetry-api-1.40.0.jar;C:\Users\poonam\.m2\repository\io\opentelemetry\opentelemetry-context\1.40.0\opentelemetry-context-1.40.0.jar;C:\Users\poonam\.m2\repository\io\opentelemetry\opentelemetry-exporter-logging\1.40.0\opentelemetry-exporter-logging-1.40.0.jar;C:\Users\poonam\.m2\repository\io\opentelemetry\opentelemetry-sdk-common\1.40.0\opentelemetry-sdk-common-1.40.0.jar;C:\Users\poonam\.m2\repository\io\opentelemetry\opentelemetry-sdk-extension-autoconfigure-spi\1.40.0\opentelemetry-sdk-extension-autoconfigure-spi-1.40.0.jar;C:\Users\poonam\.m2\repository\io\opentelemetry\opentelemetry-sdk-extension-autoconfigure\1.40.0\opentelemetry-sdk-extension-autoconfigure-1.40.0.jar;C:\Users\poonam\.m2\repository\io\opentelemetry\opentelemetry-api-incubator\1.40.0-alpha\opentelemetry-api-incubator-1.40.0-alpha.jar;C:\Users\poonam\.m2\repository\io\opentelemetry\opentelemetry-sdk-trace\1.40.0\opentelemetry-sdk-trace-1.40.0.jar;C:\Users\poonam\.m2\repository\io\opentelemetry\opentelemetry-sdk\1.40.0\opentelemetry-sdk-1.40.0.jar;C:\Users\poonam\.m2\repository\io\opentelemetry\opentelemetry-sdk-metrics\1.40.0\opentelemetry-sdk-metrics-1.40.0.jar;C:\Users\poonam\.m2\repository\io\opentelemetry\opentelemetry-sdk-logs\1.40.0\opentelemetry-sdk-logs-1.40.0.jar;C:\Users\poonam\.m2\repository\net\bytebuddy\byte-buddy\1.14.18\byte-buddy-1.14.18.jar;C:\Users\poonam\.m2\repository\org\seleniumhq\selenium\selenium-os\4.23.1\selenium-os-4.23.1.jar;C:\Users\poonam\.m2\repository\org\apache\commons\commons-exec\1.4.0\commons-exec-1.4.0.jar;C:\Users\poonam\.m2\repository\org\seleniumhq\selenium\selenium-safari-driver\4.23.1\selenium-safari-driver-4.23.1.jar;C:\Users\poonam\.m2\repository\org\seleniumhq\selenium\selenium-support\4.23.1\selenium-support-4.23.1.jar;C:\Users\poonam\.m2\repository\org\testng\testng\7.10.2\testng-7.10.2.jar;C:\Users\poonam\.m2\repository\org\slf4j\slf4j-api\1.7.36\slf4j-api-1.7.36.jar;C:\Users\poonam\.m2\repository\com\beust\jcommander\1.82\jcommander-1.82.jar;C:\Users\poonam\.m2\repository\org\webjars\jquery\3.7.1\jquery-3.7.1.jar;C:\Users\poonam\.m2\repository\ru\yandex\qatools\ashot\ashot\1.5.4\ashot-1.5.4.jar;C:\Users\poonam\.m2\repository\commons-io\commons-io\2.5\commons-io-2.5.jar;C:\Users\poonam\.m2\repository\com\google\code\gson\gson\2.6.2\gson-2.6.2.jar;C:\Users\poonam\.m2\repository\org\hamcrest\hamcrest-core\1.3\hamcrest-core-1.3.jar;C:\Users\poonam\.m2\repository\io\github\bonigarcia\webdrivermanager\5.7.0\webdrivermanager-5.7.0.jar;C:\Users\poonam\.m2\repository\com\github\docker-java\docker-java\3.3.5\docker-java-3.3.5.jar;C:\Users\poonam\.m2\repository\com\github\docker-java\docker-java-core\3.3.5\docker-java-core-3.3.5.jar;C:\Users\poonam\.m2\repository\com\github\docker-java\docker-java-api\3.3.5\docker-java-api-3.3.5.jar;C:\Users\poonam\.m2\repository\com\fasterxml\jackson\core\jackson-annotations\2.10.3\jackson-annotations-2.10.3.jar;C:\Users\poonam\.m2\repository\com\fasterxml\jackson\core\jackson-databind\2.10.3\jackson-databind-2.10.3.jar;C:\Users\poonam\.m2\repository\com\fasterxml\jackson\core\jackson-core\2.10.3\jackson-core-2.10.3.jar;C:\Users\poonam\.m2\repository\org\bouncycastle\bcpkix-jdk18on\1.76\bcpkix-jdk18on-1.76.jar;C:\Users\poonam\.m2\repository\org\bouncycastle\bcprov-jdk18on\1.76\bcprov-jdk18on-1.76.jar;C:\Users\poonam\.m2\repository\org\bouncycastle\bcutil-jdk18on\1.76\bcutil-jdk18on-1.76.jar;C:\Users\poonam\.m2\repository\org\slf4j\jcl-over-slf4j\1.7.30\jcl-over-slf4j-1.7.30.jar;C:\Users\poonam\.m2\repository\com\github\docker-java\docker-java-transport-httpclient5\3.3.5\docker-java-transport-httpclient5-3.3.5.jar;C:\Users\poonam\.m2\repository\com\github\docker-java\docker-java-transport\3.3.5\docker-java-transport-3.3.5.jar;C:\Users\poonam\.m2\repository\net\java\dev\jna\jna\5.13.0\jna-5.13.0.jar;C:\Users\poonam\.m2\repository\org\brotli\dec\0.1.2\dec-0.1.2.jar;C:\Users\poonam\.m2\repository\org\apache\commons\commons-lang3\3.14.0\commons-lang3-3.14.0.jar;C:\Users\poonam\.m2\repository\org\apache\commons\commons-compress\1.26.0\commons-compress-1.26.0.jar;C:\Users\poonam\.m2\repository\org\apache\httpcomponents\client5\httpclient5\5.2.1\httpclient5-5.2.1.jar;C:\Users\poonam\.m2\repository\org\apache\httpcomponents\core5\httpcore5\5.2\httpcore5-5.2.jar;C:\Users\poonam\.m2\repository\org\apache\httpcomponents\core5\httpcore5-h2\5.2\httpcore5-h2-5.2.jar;C:\Users\poonam\.m2\repository\org\apache\poi\poi\5.2.3\poi-5.2.3.jar;C:\Users\poonam\.m2\repository\commons-codec\commons-codec\1.15\commons-codec-1.15.jar;C:\Users\poonam\.m2\repository\org\apache\commons\commons-collections4\4.4\commons-collections4-4.4.jar;C:\Users\poonam\.m2\repository\org\apache\commons\commons-math3\3.6.1\commons-math3-3.6.1.jar;C:\Users\poonam\.m2\repository\com\zaxxer\SparseBitSet\1.2\SparseBitSet-1.2.jar;C:\Users\poonam\.m2\repository\org\apache\logging\log4j\log4j-api\2.18.0\log4j-api-2.18.0.jar;C:\Users\poonam\.m2\repository\org\apache\poi\poi-ooxml\5.2.3\poi-ooxml-5.2.3.jar;C:\Users\poonam\.m2\repository\org\apache\poi\poi-ooxml-lite\5.2.3\poi-ooxml-lite-5.2.3.jar;C:\Users\poonam\.m2\repository\org\apache\xmlbeans\xmlbeans\5.1.1\xmlbeans-5.1.1.jar;C:\Users\poonam\.m2\repository\com\github\virtuald\curvesapi\1.07\curvesapi-1.07.jar;C:\Users\poonam\.m2\repository\log4j\log4j\1.2.17\log4j-1.2.17.jar;C:\Users\poonam\.m2\repository\io\cucumber\cucumber-java\7.3.4\cucumber-java-7.3.4.jar;C:\Users\poonam\.m2\repository\org\apiguardian\apiguardian-api\1.1.2\apiguardian-api-1.1.2.jar;C:\Users\poonam\.m2\repository\io\cucumber\cucumber-core\7.3.4\cucumber-core-7.3.4.jar;C:\Users\poonam\.m2\repository\io\cucumber\cucumber-gherkin\7.3.4\cucumber-gherkin-7.3.4.jar;C:\Users\poonam\.m2\repository\io\cucumber\cucumber-gherkin-messages\7.3.4\cucumber-gherkin-messages-7.3.4.jar;C:\Users\poonam\.m2\repository\io\cucumber\gherkin\23.0.1\gherkin-23.0.1.jar;C:\Users\poonam\.m2\repository\io\cucumber\messages\18.0.0\messages-18.0.0.jar;C:\Users\poonam\.m2\repository\io\cucumber\tag-expressions\4.1.0\tag-expressions-4.1.0.jar;C:\Users\poonam\.m2\repository\io\cucumber\cucumber-expressions\15.1.1\cucumber-expressions-15.1.1.jar;C:\Users\poonam\.m2\repository\io\cucumber\datatable\7.3.4\datatable-7.3.4.jar;C:\Users\poonam\.m2\repository\io\cucumber\cucumber-plugin\7.3.4\cucumber-plugin-7.3.4.jar;C:\Users\poonam\.m2\repository\io\cucumber\docstring\7.3.4\docstring-7.3.4.jar;C:\Users\poonam\.m2\repository\io\cucumber\html-formatter\19.1.0\html-formatter-19.1.0.jar;C:\Users\poonam\.m2\repository\io\cucumber\ci-environment\9.0.4\ci-environment-9.0.4.jar;C:\Users\poonam\.m2\repository\io\cucumber\cucumber-testng\7.3.4\cucumber-testng-7.3.4.jar;C:\Users\poonam\.m2\repository\org\apache\maven\surefire\surefire-testng-utils\2.22.0\surefire-testng-utils-2.22.0.jar;C:\Users\poonam\.m2\repository\org\apache\maven\surefire\surefire-grouper\2.22.0\surefire-grouper-2.22.0.jar;"/>
    <property name="java.vm.vendor" value="Oracle Corporation"/>
    <property name="sun.arch.data.model" value="64"/>
    <property name="user.variant" value=""/>
    <property name="java.vendor.url" value="https://java.oracle.com/"/>
    <property name="user.timezone" value="Asia/Calcutta"/>
    <property name="os.name" value="Windows 11"/>
    <property name="java.vm.specification.version" value="22"/>
    <property name="sun.java.launcher" value="SUN_STANDARD"/>
    <property name="user.country" value="IN"/>
    <property name="sun.boot.library.path" value="C:\Program Files\Java\jdk-22\bin"/>
    <property name="sun.java.command" value="C:\Users\poonam\AppData\Local\Temp\surefire12159668696563142334\surefirebooter980776325024983494.jar C:\Users\poonam\AppData\Local\Temp\surefire12159668696563142334 2024-09-30T21-59-19_928-jvmRun1 surefire2668900618017582548tmp surefire_014392037237556030558tmp"/>
    <property name="jdk.debug" value="release"/>
    <property name="surefire.test.class.path" value="C:\Users\poonam\eclipse-workspace\iris22a\target\test-classes;C:\Users\poonam\eclipse-workspace\iris22a\target\classes;C:\Users\poonam\.m2\repository\org\seleniumhq\selenium\selenium-java\4.23.1\selenium-java-4.23.1.jar;C:\Users\poonam\.m2\repository\org\seleniumhq\selenium\selenium-api\4.23.1\selenium-api-4.23.1.jar;C:\Users\poonam\.m2\repository\org\seleniumhq\selenium\selenium-chrome-driver\4.23.1\selenium-chrome-driver-4.23.1.jar;C:\Users\poonam\.m2\repository\com\google\auto\service\auto-service-annotations\1.1.1\auto-service-annotations-1.1.1.jar;C:\Users\poonam\.m2\repository\org\seleniumhq\selenium\selenium-chromium-driver\4.23.1\selenium-chromium-driver-4.23.1.jar;C:\Users\poonam\.m2\repository\org\seleniumhq\selenium\selenium-json\4.23.1\selenium-json-4.23.1.jar;C:\Users\poonam\.m2\repository\org\seleniumhq\selenium\selenium-manager\4.23.1\selenium-manager-4.23.1.jar;C:\Users\poonam\.m2\repository\org\seleniumhq\selenium\selenium-devtools-v125\4.23.1\selenium-devtools-v125-4.23.1.jar;C:\Users\poonam\.m2\repository\org\seleniumhq\selenium\selenium-devtools-v126\4.23.1\selenium-devtools-v126-4.23.1.jar;C:\Users\poonam\.m2\repository\org\seleniumhq\selenium\selenium-devtools-v127\4.23.1\selenium-devtools-v127-4.23.1.jar;C:\Users\poonam\.m2\repository\org\seleniumhq\selenium\selenium-devtools-v85\4.23.1\selenium-devtools-v85-4.23.1.jar;C:\Users\poonam\.m2\repository\org\seleniumhq\selenium\selenium-edge-driver\4.23.1\selenium-edge-driver-4.23.1.jar;C:\Users\poonam\.m2\repository\org\seleniumhq\selenium\selenium-firefox-driver\4.23.1\selenium-firefox-driver-4.23.1.jar;C:\Users\poonam\.m2\repository\org\seleniumhq\selenium\selenium-http\4.23.1\selenium-http-4.23.1.jar;C:\Users\poonam\.m2\repository\dev\failsafe\failsafe\3.3.2\failsafe-3.3.2.jar;C:\Users\poonam\.m2\repository\org\seleniumhq\selenium\selenium-ie-driver\4.23.1\selenium-ie-driver-4.23.1.jar;C:\Users\poonam\.m2\repository\org\seleniumhq\selenium\selenium-remote-driver\4.23.1\selenium-remote-driver-4.23.1.jar;C:\Users\poonam\.m2\repository\com\google\guava\guava\33.2.1-jre\guava-33.2.1-jre.jar;C:\Users\poonam\.m2\repository\com\google\guava\failureaccess\1.0.2\failureaccess-1.0.2.jar;C:\Users\poonam\.m2\repository\com\google\guava\listenablefuture\9999.0-empty-to-avoid-conflict-with-guava\listenablefuture-9999.0-empty-to-avoid-conflict-with-guava.jar;C:\Users\poonam\.m2\repository\com\google\code\findbugs\jsr305\3.0.2\jsr305-3.0.2.jar;C:\Users\poonam\.m2\repository\org\checkerframework\checker-qual\3.42.0\checker-qual-3.42.0.jar;C:\Users\poonam\.m2\repository\com\google\errorprone\error_prone_annotations\2.26.1\error_prone_annotations-2.26.1.jar;C:\Users\poonam\.m2\repository\com\google\j2objc\j2objc-annotations\3.0.0\j2objc-annotations-3.0.0.jar;C:\Users\poonam\.m2\repository\io\opentelemetry\semconv\opentelemetry-semconv\1.25.0-alpha\opentelemetry-semconv-1.25.0-alpha.jar;C:\Users\poonam\.m2\repository\io\opentelemetry\opentelemetry-api\1.40.0\opentelemetry-api-1.40.0.jar;C:\Users\poonam\.m2\repository\io\opentelemetry\opentelemetry-context\1.40.0\opentelemetry-context-1.40.0.jar;C:\Users\poonam\.m2\repository\io\opentelemetry\opentelemetry-exporter-logging\1.40.0\opentelemetry-exporter-logging-1.40.0.jar;C:\Users\poonam\.m2\repository\io\opentelemetry\opentelemetry-sdk-common\1.40.0\opentelemetry-sdk-common-1.40.0.jar;C:\Users\poonam\.m2\repository\io\opentelemetry\opentelemetry-sdk-extension-autoconfigure-spi\1.40.0\opentelemetry-sdk-extension-autoconfigure-spi-1.40.0.jar;C:\Users\poonam\.m2\repository\io\opentelemetry\opentelemetry-sdk-extension-autoconfigure\1.40.0\opentelemetry-sdk-extension-autoconfigure-1.40.0.jar;C:\Users\poonam\.m2\repository\io\opentelemetry\opentelemetry-api-incubator\1.40.0-alpha\opentelemetry-api-incubator-1.40.0-alpha.jar;C:\Users\poonam\.m2\repository\io\opentelemetry\opentelemetry-sdk-trace\1.40.0\opentelemetry-sdk-trace-1.40.0.jar;C:\Users\poonam\.m2\repository\io\opentelemetry\opentelemetry-sdk\1.40.0\opentelemetry-sdk-1.40.0.jar;C:\Users\poonam\.m2\repository\io\opentelemetry\opentelemetry-sdk-metrics\1.40.0\opentelemetry-sdk-metrics-1.40.0.jar;C:\Users\poonam\.m2\repository\io\opentelemetry\opentelemetry-sdk-logs\1.40.0\opentelemetry-sdk-logs-1.40.0.jar;C:\Users\poonam\.m2\repository\net\bytebuddy\byte-buddy\1.14.18\byte-buddy-1.14.18.jar;C:\Users\poonam\.m2\repository\org\seleniumhq\selenium\selenium-os\4.23.1\selenium-os-4.23.1.jar;C:\Users\poonam\.m2\repository\org\apache\commons\commons-exec\1.4.0\commons-exec-1.4.0.jar;C:\Users\poonam\.m2\repository\org\seleniumhq\selenium\selenium-safari-driver\4.23.1\selenium-safari-driver-4.23.1.jar;C:\Users\poonam\.m2\repository\org\seleniumhq\selenium\selenium-support\4.23.1\selenium-support-4.23.1.jar;C:\Users\poonam\.m2\repository\org\testng\testng\7.10.2\testng-7.10.2.jar;C:\Users\poonam\.m2\repository\org\slf4j\slf4j-api\1.7.36\slf4j-api-1.7.36.jar;C:\Users\poonam\.m2\repository\com\beust\jcommander\1.82\jcommander-1.82.jar;C:\Users\poonam\.m2\repository\org\webjars\jquery\3.7.1\jquery-3.7.1.jar;C:\Users\poonam\.m2\repository\ru\yandex\qatools\ashot\ashot\1.5.4\ashot-1.5.4.jar;C:\Users\poonam\.m2\repository\commons-io\commons-io\2.5\commons-io-2.5.jar;C:\Users\poonam\.m2\repository\com\google\code\gson\gson\2.6.2\gson-2.6.2.jar;C:\Users\poonam\.m2\repository\org\hamcrest\hamcrest-core\1.3\hamcrest-core-1.3.jar;C:\Users\poonam\.m2\repository\io\github\bonigarcia\webdrivermanager\5.7.0\webdrivermanager-5.7.0.jar;C:\Users\poonam\.m2\repository\com\github\docker-java\docker-java\3.3.5\docker-java-3.3.5.jar;C:\Users\poonam\.m2\repository\com\github\docker-java\docker-java-core\3.3.5\docker-java-core-3.3.5.jar;C:\Users\poonam\.m2\repository\com\github\docker-java\docker-java-api\3.3.5\docker-java-api-3.3.5.jar;C:\Users\poonam\.m2\repository\com\fasterxml\jackson\core\jackson-annotations\2.10.3\jackson-annotations-2.10.3.jar;C:\Users\poonam\.m2\repository\com\fasterxml\jackson\core\jackson-databind\2.10.3\jackson-databind-2.10.3.jar;C:\Users\poonam\.m2\repository\com\fasterxml\jackson\core\jackson-core\2.10.3\jackson-core-2.10.3.jar;C:\Users\poonam\.m2\repository\org\bouncycastle\bcpkix-jdk18on\1.76\bcpkix-jdk18on-1.76.jar;C:\Users\poonam\.m2\repository\org\bouncycastle\bcprov-jdk18on\1.76\bcprov-jdk18on-1.76.jar;C:\Users\poonam\.m2\repository\org\bouncycastle\bcutil-jdk18on\1.76\bcutil-jdk18on-1.76.jar;C:\Users\poonam\.m2\repository\org\slf4j\jcl-over-slf4j\1.7.30\jcl-over-slf4j-1.7.30.jar;C:\Users\poonam\.m2\repository\com\github\docker-java\docker-java-transport-httpclient5\3.3.5\docker-java-transport-httpclient5-3.3.5.jar;C:\Users\poonam\.m2\repository\com\github\docker-java\docker-java-transport\3.3.5\docker-java-transport-3.3.5.jar;C:\Users\poonam\.m2\repository\net\java\dev\jna\jna\5.13.0\jna-5.13.0.jar;C:\Users\poonam\.m2\repository\org\brotli\dec\0.1.2\dec-0.1.2.jar;C:\Users\poonam\.m2\repository\org\apache\commons\commons-lang3\3.14.0\commons-lang3-3.14.0.jar;C:\Users\poonam\.m2\repository\org\apache\commons\commons-compress\1.26.0\commons-compress-1.26.0.jar;C:\Users\poonam\.m2\repository\org\apache\httpcomponents\client5\httpclient5\5.2.1\httpclient5-5.2.1.jar;C:\Users\poonam\.m2\repository\org\apache\httpcomponents\core5\httpcore5\5.2\httpcore5-5.2.jar;C:\Users\poonam\.m2\repository\org\apache\httpcomponents\core5\httpcore5-h2\5.2\httpcore5-h2-5.2.jar;C:\Users\poonam\.m2\repository\org\apache\poi\poi\5.2.3\poi-5.2.3.jar;C:\Users\poonam\.m2\repository\commons-codec\commons-codec\1.15\commons-codec-1.15.jar;C:\Users\poonam\.m2\repository\org\apache\commons\commons-collections4\4.4\commons-collections4-4.4.jar;C:\Users\poonam\.m2\repository\org\apache\commons\commons-math3\3.6.1\commons-math3-3.6.1.jar;C:\Users\poonam\.m2\repository\com\zaxxer\SparseBitSet\1.2\SparseBitSet-1.2.jar;C:\Users\poonam\.m2\repository\org\apache\logging\log4j\log4j-api\2.18.0\log4j-api-2.18.0.jar;C:\Users\poonam\.m2\repository\org\apache\poi\poi-ooxml\5.2.3\poi-ooxml-5.2.3.jar;C:\Users\poonam\.m2\repository\org\apache\poi\poi-ooxml-lite\5.2.3\poi-ooxml-lite-5.2.3.jar;C:\Users\poonam\.m2\repository\org\apache\xmlbeans\xmlbeans\5.1.1\xmlbeans-5.1.1.jar;C:\Users\poonam\.m2\repository\com\github\virtuald\curvesapi\1.07\curvesapi-1.07.jar;C:\Users\poonam\.m2\repository\log4j\log4j\1.2.17\log4j-1.2.17.jar;C:\Users\poonam\.m2\repository\io\cucumber\cucumber-java\7.3.4\cucumber-java-7.3.4.jar;C:\Users\poonam\.m2\repository\org\apiguardian\apiguardian-api\1.1.2\apiguardian-api-1.1.2.jar;C:\Users\poonam\.m2\repository\io\cucumber\cucumber-core\7.3.4\cucumber-core-7.3.4.jar;C:\Users\poonam\.m2\repository\io\cucumber\cucumber-gherkin\7.3.4\cucumber-gherkin-7.3.4.jar;C:\Users\poonam\.m2\repository\io\cucumber\cucumber-gherkin-messages\7.3.4\cucumber-gherkin-messages-7.3.4.jar;C:\Users\poonam\.m2\repository\io\cucumber\gherkin\23.0.1\gherkin-23.0.1.jar;C:\Users\poonam\.m2\repository\io\cucumber\messages\18.0.0\messages-18.0.0.jar;C:\Users\poonam\.m2\repository\io\cucumber\tag-expressions\4.1.0\tag-expressions-4.1.0.jar;C:\Users\poonam\.m2\repository\io\cucumber\cucumber-expressions\15.1.1\cucumber-expressions-15.1.1.jar;C:\Users\poonam\.m2\repository\io\cucumber\datatable\7.3.4\datatable-7.3.4.jar;C:\Users\poonam\.m2\repository\io\cucumber\cucumber-plugin\7.3.4\cucumber-plugin-7.3.4.jar;C:\Users\poonam\.m2\repository\io\cucumber\docstring\7.3.4\docstring-7.3.4.jar;C:\Users\poonam\.m2\repository\io\cucumber\html-formatter\19.1.0\html-formatter-19.1.0.jar;C:\Users\poonam\.m2\repository\io\cucumber\ci-environment\9.0.4\ci-environment-9.0.4.jar;C:\Users\poonam\.m2\repository\io\cucumber\cucumber-testng\7.3.4\cucumber-testng-7.3.4.jar;C:\Users\poonam\.m2\repository\org\apache\maven\surefire\surefire-testng-utils\2.22.0\surefire-testng-utils-2.22.0.jar;C:\Users\poonam\.m2\repository\org\apache\maven\surefire\surefire-grouper\2.22.0\surefire-grouper-2.22.0.jar;"/>
    <property name="sun.cpu.endian" value="little"/>
    <property name="user.home" value="C:\Users\poonam"/>
    <property name="user.language" value="en"/>
    <property name="java.specification.vendor" value="Oracle Corporation"/>
    <property name="java.version.date" value="2024-07-16"/>
    <property name="java.home" value="C:\Program Files\Java\jdk-22"/>
    <property name="file.separator" value="\"/>
    <property name="basedir" value="C:\Users\poonam\eclipse-workspace\iris22a"/>
    <property name="style.color" value="always"/>
    <property name="java.vm.compressedOopsMode" value="Zero based"/>
    <property name="line.separator" value="&#10;"/>
    <property name="java.vm.specification.vendor" value="Oracle Corporation"/>
    <property name="java.specification.name" value="Java Platform API Specification"/>
    <property name="surefire.real.class.path" value="C:\Users\poonam\AppData\Local\Temp\surefire12159668696563142334\surefirebooter980776325024983494.jar"/>
    <property name="user.script" value=""/>
    <property name="sun.management.compiler" value="HotSpot 64-Bit Tiered Compilers"/>
    <property name="java.runtime.version" value="22.0.2+9-70"/>
    <property name="user.name" value="poonam"/>
    <property name="stdout.encoding" value="Cp1252"/>
    <property name="path.separator" value=";"/>
    <property name="os.version" value="10.0"/>
    <property name="java.runtime.name" value="Java(TM) SE Runtime Environment"/>
    <property name="file.encoding" value="UTF-8"/>
    <property name="java.vm.name" value="Java HotSpot(TM) 64-Bit Server VM"/>
    <property name="localRepository" value="C:\Users\poonam\.m2\repository"/>
    <property name="java.vendor.url.bug" value="https://bugreport.java.com/bugreport/"/>
    <property name="java.io.tmpdir" value="C:\Users\poonam\AppData\Local\Temp\"/>
    <property name="java.version" value="22.0.2"/>
    <property name="user.dir" value="C:\Users\poonam\eclipse-workspace\iris22a"/>
    <property name="os.arch" value="amd64"/>
    <property name="java.vm.specification.name" value="Java Virtual Machine Specification"/>
    <property name="sun.os.patch.level" value=""/>
    <property name="native.encoding" value="Cp1252"/>
    <property name="java.library.path" value="C:\Program Files\Java\jdk-22\bin;C:\windows\Sun\Java\bin;C:\windows\system32;C:\windows;C:\Program Files\Common Files\Oracle\Java\javapath;C:\windows\system32;C:\windows;C:\windows\System32\Wbem;C:\windows\System32\WindowsPowerShell\v1.0\;C:\windows\System32\OpenSSH\;C:\Program Files\Microsoft SQL Server\150\Tools\Binn\;C:\Program Files\Microsoft SQL Server\Client SDK\ODBC\170\Tools\Binn\;C:\Program Files\dotnet\;C:\Program Files (x86)\Windows Kits\10\Windows Performance Toolkit\;C:\Program Files\nodejs\;C:\Program Files\Git\cmd;C:\Program Files\Java\jdk-22\bin;C:\Program Files\apache-maven-3.8.8\bin;C:\Users\poonam\AppData\Local\Programs\Python\Python312\Scripts\;C:\Users\poonam\AppData\Local\Programs\Python\Python312\;C:\Users\poonam\AppData\Local\Programs\Python\Launcher\;C:\Users\poonam\AppData\Local\Microsoft\WindowsApps;C:\Users\poonam\.dotnet\tools;C:\Users\poonam\AppData\Roaming\npm;C:\Users\poonam\AppData\Local\Programs\Microsoft VS Code\bin;."/>
    <property name="java.vm.info" value="mixed mode, sharing"/>
    <property name="stderr.encoding" value="Cp1252"/>
    <property name="java.vendor" value="Oracle Corporation"/>
    <property name="java.vm.version" value="22.0.2+9-70"/>
    <property name="sun.io.unicode.encoding" value="UnicodeLittle"/>
    <property name="java.class.version" value="66.0"/>
  </properties>
  <testcase name="m10" classname="com.iris22a.ProductTest" time="0.004"/>
  <testcase name="m11" classname="com.iris22a.ProductTest" time="0"/>
  <testcase name="m12" classname="com.iris22a.ProductTest" time="0.001"/>
  <testcase name="m3" classname="com.iris22a.ProductTest" time="0"/>
  <testcase name="m4" classname="com.iris22a.ProductTest" time="0.001"/>
  <testcase name="m5" classname="com.iris22a.ProductTest" time="0"/>
  <testcase name="m6" classname="com.iris22a.ProductTest" time="0.001"/>
  <testcase name="m7" classname="com.iris22a.ProductTest" time="0"/>
  <testcase name="m8" classname="com.iris22a.ProductTest" time="0"/>
  <testcase name="m9" classname="com.iris22a.ProductTest" time="0"/>
  <testcase name="verifyCategoryListForTopWears" classname="com.iris22a.ProductTest" time="0.018">
    <failure message="Cannot invoke &quot;org.openqa.selenium.remote.RemoteWebDriver.get(String)&quot; because the return value of &quot;java.lang.ThreadLocal.get()&quot; is null" type="java.lang.NullPointerException">java.lang.NullPointerException: Cannot invoke "org.openqa.selenium.remote.RemoteWebDriver.get(String)" because the return value of "java.lang.ThreadLocal.get()" is null
	at com.iris22a.ProductTest.verifyCategoryListForTopWears(ProductTest.java:50)
</failure>
  </testcase>
  <testcase name="verifyItemCountOfCasualShirts" classname="com.iris22a.ProductTest" time="0.003">
    <failure message="Cannot invoke &quot;org.openqa.selenium.remote.RemoteWebDriver.get(String)&quot; because the return value of &quot;java.lang.ThreadLocal.get()&quot; is null" type="java.lang.NullPointerException">java.lang.NullPointerException: Cannot invoke "org.openqa.selenium.remote.RemoteWebDriver.get(String)" because the return value of "java.lang.ThreadLocal.get()" is null
	at com.iris22a.ProductTest.verifyItemCountOfCasualShirts(ProductTest.java:66)
</failure>
  </testcase>
  <testcase name="verifySearchResultForPoloMen" classname="com.iris22a.ProductTest" time="0.004">
    <failure message="Cannot invoke &quot;org.openqa.selenium.remote.RemoteWebDriver.get(String)&quot; because the return value of &quot;java.lang.ThreadLocal.get()&quot; is null" type="java.lang.NullPointerException">java.lang.NullPointerException: Cannot invoke "org.openqa.selenium.remote.RemoteWebDriver.get(String)" because the return value of "java.lang.ThreadLocal.get()" is null
	at com.iris22a.ProductTest.verifySearchResultForPoloMen(ProductTest.java:25)
</failure>
  </testcase>
  <testcase name="runScenario" classname="com.runner.RunnerTest" time="11.917">
    <failure message="Product title doesn&apos;t contain polo:  expected [true] but found [false]" type="java.lang.AssertionError">java.lang.AssertionError: Product title doesn't contain polo:  expected [true] but found [false]
</failure>
    <system-out><![CDATA[Open browserChrome
Open browserChrome
Chrome Method call to open browser
Open browserChrome
Chrome Method call to open browser
Open browserChrome
Chrome Method call to open browser
Chrome Method call to open browser
Chrome browser is launched successfully.
Chrome browser is launched successfully.
Chrome browser is launched successfully.
Chrome browser is launched successfully.
[, Polo Collar Cotton T-shirt, Men Polo Collar T-shirt, Polo Collar Lounge Tshirts, Men Spencer Regular Fit Polo, Men Polo Collar Lounge T-shirt, Polo Collar T-shirt, Polo Collar T-shirt, Boys Polo Collar T-shirt, Boys Polo Collar T-shirt, Polo Collar Ultra Soft T-shirt, Ribbed Polo Collar T-shirt, Solid Polo Collar Pure Cotton T-shirt, Men Pareto Embroidered Polo, Polo Collar Lounge Tshirts, Printed Polo Cotton T-shirt, Men Territ Regular Fit Polo, Polo Collar Lounge Tshirts, Striped Regular Fit T-shirt, Textured Polo Collar T-Shirt, Solid Polo Collar T-shirt, Polo Collar Regular T-shirt, Men Cotton Polo T-shirts, Men Polo Collar T-shirt, Cotton Colourblocked T-shirt, Regular Fit Cotton T-shirt, Polo Collar Lounge Tshirts, Polo Collar Cotton T-shirt, Men Polo Collar T-shirt, Boys Polo Collar T-shirt, Men Printed Polo Collar T-shirt, Men Gamer Regular Fit Polo, Striped Polo Collar T-shirt, Women Solid Slim Fit T-shirt, Polo Collar T-shirt, Polo Collar Pure Cotton T-shirt, Polo Collar Lounge Tshirts, Men Booth Embroidered Polo, Pure Cotton Polo T-shirt, Polo Collar T-shirt, Polo Collar Pure Cotton Tshirt, Polo Pure Cotton T-shirt, Polo Collar Lounge Tshirts, Men Spencer Regular Fit Polo, Boys Polo Collar T-shirt, Women Polo Collar T-shirt, Polo Collar Cotton T-shirt, Printed Hooded T-shirt, Men Polo Collar T-shirt, Women Solid T-Shirt]
ProductTitle:
]]></system-out>
    <system-err><![CDATA[Sept 30, 2024 9:59:26 PM org.openqa.selenium.devtools.CdpVersionFinder findNearestMatch
WARNING: Unable to find an exact match for CDP version 129, returning the closest version; found: 127; Please update to a Selenium version that supports CDP version 129
Sept 30, 2024 9:59:26 PM org.openqa.selenium.devtools.CdpVersionFinder findNearestMatch
WARNING: Unable to find an exact match for CDP version 129, returning the closest version; found: 127; Please update to a Selenium version that supports CDP version 129
Sept 30, 2024 9:59:26 PM org.openqa.selenium.devtools.CdpVersionFinder findNearestMatch
WARNING: Unable to find an exact match for CDP version 129, returning the closest version; found: 127; Please update to a Selenium version that supports CDP version 129
Sept 30, 2024 9:59:26 PM org.openqa.selenium.devtools.CdpVersionFinder findNearestMatch
WARNING: Unable to find an exact match for CDP version 129, returning the closest version; found: 127; Please update to a Selenium version that supports CDP version 129
ERROR StatusLogger Log4j2 could not find a logging implementation. Please add log4j-core to the classpath. Using SimpleLogger to log to the console...
]]></system-err>
  </testcase>
  <testcase name="runScenario" classname="com.runner.RunnerTest" time="3.066">
    <failure message="Product title doesn&apos;t contain polo: Striped Regular Fit T-shirt expected [true] but found [false]" type="java.lang.AssertionError">java.lang.AssertionError: Product title doesn't contain polo: Striped Regular Fit T-shirt expected [true] but found [false]
</failure>
    <system-out><![CDATA[Open browserChrome
Chrome Method call to open browser
Chrome browser is launched successfully.
[Men Casca Regular Fit Polo, Polo Collar Cotton T-shirt, Men Polo Collar T-shirt, Polo Collar Lounge Tshirts, Men Spencer Regular Fit Polo, Men Polo Collar Lounge T-shirt, Polo Collar T-shirt, Polo Collar T-shirt, Boys Polo Collar T-shirt, Boys Polo Collar T-shirt, Polo Collar Ultra Soft T-shirt, Ribbed Polo Collar T-shirt, Solid Polo Collar Pure Cotton T-shirt, Men Pareto Embroidered Polo, Polo Collar Lounge Tshirts, Printed Polo Cotton T-shirt, Men Territ Regular Fit Polo, Polo Collar Lounge Tshirts, Striped Regular Fit T-shirt, Textured Polo Collar T-Shirt, Solid Polo Collar T-shirt, Polo Collar Regular T-shirt, Men Cotton Polo T-shirts, Men Polo Collar T-shirt, Cotton Colourblocked T-shirt, Regular Fit Cotton T-shirt, Polo Collar Lounge Tshirts, Polo Collar Cotton T-shirt, Men Polo Collar T-shirt, Boys Polo Collar T-shirt, Men Printed Polo Collar T-shirt, Men Gamer Regular Fit Polo, Striped Polo Collar T-shirt, Women Solid Slim Fit T-shirt, Polo Collar T-shirt, Polo Collar Pure Cotton T-shirt, Polo Collar Lounge Tshirts, Men Booth Embroidered Polo, Pure Cotton Polo T-shirt, Polo Collar T-shirt, Polo Collar Pure Cotton Tshirt, Polo Pure Cotton T-shirt, Polo Collar Lounge Tshirts, Men Spencer Regular Fit Polo, Boys Polo Collar T-shirt, Women Polo Collar T-shirt, Polo Collar Cotton T-shirt, Printed Hooded T-shirt, Men Polo Collar T-shirt, Women Solid T-Shirt]
ProductTitle:Men Casca Regular Fit Polo
ProductTitle:Polo Collar Cotton T-shirt
ProductTitle:Men Polo Collar T-shirt
ProductTitle:Polo Collar Lounge Tshirts
ProductTitle:Men Spencer Regular Fit Polo
ProductTitle:Men Polo Collar Lounge T-shirt
ProductTitle:Polo Collar T-shirt
ProductTitle:Polo Collar T-shirt
ProductTitle:Boys Polo Collar T-shirt
ProductTitle:Boys Polo Collar T-shirt
ProductTitle:Polo Collar Ultra Soft T-shirt
ProductTitle:Ribbed Polo Collar T-shirt
ProductTitle:Solid Polo Collar Pure Cotton T-shirt
ProductTitle:Men Pareto Embroidered Polo
ProductTitle:Polo Collar Lounge Tshirts
ProductTitle:Printed Polo Cotton T-shirt
ProductTitle:Men Territ Regular Fit Polo
ProductTitle:Polo Collar Lounge Tshirts
ProductTitle:Striped Regular Fit T-shirt
]]></system-out>
    <system-err><![CDATA[Sept 30, 2024 9:59:36 PM org.openqa.selenium.devtools.CdpVersionFinder findNearestMatch
WARNING: Unable to find an exact match for CDP version 129, returning the closest version; found: 127; Please update to a Selenium version that supports CDP version 129
]]></system-err>
  </testcase>
  <testcase name="runScenario" classname="com.runner.RunnerTest" time="0.016"/>
  <testcase name="runScenario" classname="com.runner.RunnerTest" time="0"/>
  <testcase name="runScenario" classname="com.runner.RunnerTest" time="9.651"/>
  <testcase name="runScenario" classname="com.runner.RunnerTest" time="9.651"/>
  <testcase name="runScenario" classname="com.runner.RunnerTest" time="0">
    <failure message="Product title doesn&apos;t contain polo: Striped Regular Fit T-shirt expected [true] but found [false]" type="java.lang.AssertionError">java.lang.AssertionError: Product title doesn't contain polo: Striped Regular Fit T-shirt expected [true] but found [false]
</failure>
  </testcase>
  <testcase name="runScenario" classname="com.runner.RunnerTest" time="1.499"/>
  <testcase name="runScenario" classname="com.runner.RunnerTest" time="0.282"/>
  <testcase name="runScenario" classname="com.runner.RunnerTest" time="0.032"/>
  <testcase name="runScenario" classname="com.runner.RunnerTest" time="0.267">
    <failure message="Product title doesn&apos;t contain polo:  expected [true] but found [false]" type="java.lang.AssertionError">java.lang.AssertionError: Product title doesn't contain polo:  expected [true] but found [false]
</failure>
    <system-out><![CDATA[Open browserChrome
Chrome Method call to open browser
]]></system-out>
  </testcase>
  <testcase name="runScenario" classname="com.runner.RunnerTest" time="1.759"/>
  <testcase name="runScenario" classname="com.runner.RunnerTest" time="0.141"/>
  <testcase name="runScenario" classname="com.runner.RunnerTest" time="0.078"/>
  <testcase name="runScenario" classname="com.runner.RunnerTest" time="0.016"/>
  <testcase name="runScenario" classname="com.runner.RunnerTest" time="2.483"/>
  <testcase name="runScenario" classname="com.runner.RunnerTest" time="6.834">
    <failure message="Product title doesn&apos;t contain polo: Striped Regular Fit T-shirt expected [true] but found [false]" type="java.lang.AssertionError">java.lang.AssertionError: Product title doesn't contain polo: Striped Regular Fit T-shirt expected [true] but found [false]
</failure>
    <system-out><![CDATA[Open browserChrome
Chrome Method call to open browser
Chrome browser is launched successfully.
[Men Casca Regular Fit Polo, Polo Collar Cotton T-shirt, Men Polo Collar T-shirt, Polo Collar Lounge Tshirts, Men Spencer Regular Fit Polo, Men Polo Collar Lounge T-shirt, Polo Collar T-shirt, Polo Collar T-shirt, Boys Polo Collar T-shirt, Boys Polo Collar T-shirt, Polo Collar Ultra Soft T-shirt, Ribbed Polo Collar T-shirt, Solid Polo Collar Pure Cotton T-shirt, Men Pareto Embroidered Polo, Polo Collar Lounge Tshirts, Printed Polo Cotton T-shirt, Men Territ Regular Fit Polo, Polo Collar Lounge Tshirts, Striped Regular Fit T-shirt, Textured Polo Collar T-Shirt, Solid Polo Collar T-shirt, Polo Collar Regular T-shirt, Men Cotton Polo T-shirts, Men Polo Collar T-shirt, Cotton Colourblocked T-shirt, Regular Fit Cotton T-shirt, Polo Collar Lounge Tshirts, Polo Collar Cotton T-shirt, Men Polo Collar T-shirt, Boys Polo Collar T-shirt, Men Printed Polo Collar T-shirt, Men Gamer Regular Fit Polo, Striped Polo Collar T-shirt, Women Solid Slim Fit T-shirt, Polo Collar T-shirt, Polo Collar Pure Cotton T-shirt, Polo Collar Lounge Tshirts, Men Booth Embroidered Polo, Pure Cotton Polo T-shirt, Polo Collar T-shirt, Polo Collar Pure Cotton Tshirt, Polo Pure Cotton T-shirt, Polo Collar Lounge Tshirts, Men Spencer Regular Fit Polo, Boys Polo Collar T-shirt, Women Polo Collar T-shirt, Polo Collar Cotton T-shirt, Printed Hooded T-shirt, Men Polo Collar T-shirt, Women Solid T-Shirt]
ProductTitle:Men Casca Regular Fit Polo
ProductTitle:Polo Collar Cotton T-shirt
ProductTitle:Men Polo Collar T-shirt
ProductTitle:Polo Collar Lounge Tshirts
ProductTitle:Men Spencer Regular Fit Polo
ProductTitle:Men Polo Collar Lounge T-shirt
ProductTitle:Polo Collar T-shirt
ProductTitle:Polo Collar T-shirt
ProductTitle:Boys Polo Collar T-shirt
ProductTitle:Boys Polo Collar T-shirt
ProductTitle:Polo Collar Ultra Soft T-shirt
ProductTitle:Ribbed Polo Collar T-shirt
ProductTitle:Solid Polo Collar Pure Cotton T-shirt
ProductTitle:Men Pareto Embroidered Polo
ProductTitle:Polo Collar Lounge Tshirts
ProductTitle:Printed Polo Cotton T-shirt
ProductTitle:Men Territ Regular Fit Polo
ProductTitle:Polo Collar Lounge Tshirts
ProductTitle:Striped Regular Fit T-shirt
[Men Casca Regular Fit Polo, Polo Collar Cotton T-shirt, Men Polo Collar T-shirt, Polo Collar Lounge Tshirts, Men Spencer Regular Fit Polo, Men Polo Collar Lounge T-shirt, Polo Collar T-shirt, Polo Collar T-shirt, Boys Polo Collar T-shirt, Boys Polo Collar T-shirt, Polo Collar Ultra Soft T-shirt, Ribbed Polo Collar T-shirt, Solid Polo Collar Pure Cotton T-shirt, Men Pareto Embroidered Polo, Polo Collar Lounge Tshirts, Printed Polo Cotton T-shirt, Men Territ Regular Fit Polo, Polo Collar Lounge Tshirts, Striped Regular Fit T-shirt, Textured Polo Collar T-Shirt, Solid Polo Collar T-shirt, Polo Collar Regular T-shirt, Men Cotton Polo T-shirts, Men Polo Collar T-shirt, Cotton Colourblocked T-shirt, Regular Fit Cotton T-shirt, Polo Collar Lounge Tshirts, Polo Collar Cotton T-shirt, Men Polo Collar T-shirt, Boys Polo Collar T-shirt, Men Printed Polo Collar T-shirt, Men Gamer Regular Fit Polo, Striped Polo Collar T-shirt, Women Solid Slim Fit T-shirt, Polo Collar T-shirt, Polo Collar Pure Cotton T-shirt, Polo Collar Lounge Tshirts, Men Booth Embroidered Polo, Pure Cotton Polo T-shirt, Polo Collar T-shirt, Polo Collar Pure Cotton Tshirt, Polo Pure Cotton T-shirt, Polo Collar Lounge Tshirts, Men Spencer Regular Fit Polo, Boys Polo Collar T-shirt, Women Polo Collar T-shirt, Polo Collar Cotton T-shirt, Printed Hooded T-shirt, Men Polo Collar T-shirt, Women Solid T-Shirt]
ProductTitle:Men Casca Regular Fit Polo
ProductTitle:Polo Collar Cotton T-shirt
ProductTitle:Men Polo Collar T-shirt
ProductTitle:Polo Collar Lounge Tshirts
ProductTitle:Men Spencer Regular Fit Polo
ProductTitle:Men Polo Collar Lounge T-shirt
ProductTitle:Polo Collar T-shirt
ProductTitle:Polo Collar T-shirt
ProductTitle:Boys Polo Collar T-shirt
ProductTitle:Boys Polo Collar T-shirt
ProductTitle:Polo Collar Ultra Soft T-shirt
ProductTitle:Ribbed Polo Collar T-shirt
ProductTitle:Solid Polo Collar Pure Cotton T-shirt
ProductTitle:Men Pareto Embroidered Polo
ProductTitle:Polo Collar Lounge Tshirts
ProductTitle:Printed Polo Cotton T-shirt
ProductTitle:Men Territ Regular Fit Polo
ProductTitle:Polo Collar Lounge Tshirts
ProductTitle:Striped Regular Fit T-shirt
]]></system-out>
    <system-err><![CDATA[Sept 30, 2024 9:59:54 PM org.openqa.selenium.devtools.CdpVersionFinder findNearestMatch
WARNING: Unable to find an exact match for CDP version 129, returning the closest version; found: 127; Please update to a Selenium version that supports CDP version 129
]]></system-err>
  </testcase>
  <testcase name="runScenario" classname="com.runner.RunnerTest" time="0.184">
    <failure message="Product title doesn&apos;t contain polo: Striped Regular Fit T-shirt expected [true] but found [false]" type="java.lang.AssertionError">java.lang.AssertionError: Product title doesn't contain polo: Striped Regular Fit T-shirt expected [true] but found [false]
</failure>
    <system-out><![CDATA[Open browserChrome
Chrome Method call to open browser
]]></system-out>
  </testcase>
  <testcase name="runScenario" classname="com.runner.RunnerTest" time="1.798"/>
  <testcase name="runScenario" classname="com.runner.RunnerTest" time="0.284"/>
  <testcase name="runScenario" classname="com.runner.RunnerTest" time="6.605"/>
  <testcase name="runScenario" classname="com.runner.RunnerTest" time="10.193"/>
  <testcase name="runScenario" classname="com.runner.RunnerTest" time="10.674">
    <failure message="Product title doesn&apos;t contain polo: Striped Regular Fit T-shirt expected [true] but found [false]" type="java.lang.AssertionError">java.lang.AssertionError: Product title doesn't contain polo: Striped Regular Fit T-shirt expected [true] but found [false]
</failure>
    <system-out><![CDATA[[Men Casca Regular Fit Polo, Polo Collar Cotton T-shirt, Men Polo Collar T-shirt, Polo Collar Lounge Tshirts, Men Spencer Regular Fit Polo, Men Polo Collar Lounge T-shirt, Polo Collar T-shirt, Polo Collar T-shirt, Boys Polo Collar T-shirt, Boys Polo Collar T-shirt, Polo Collar Ultra Soft T-shirt, Ribbed Polo Collar T-shirt, Solid Polo Collar Pure Cotton T-shirt, Men Pareto Embroidered Polo, Polo Collar Lounge Tshirts, Printed Polo Cotton T-shirt, Men Territ Regular Fit Polo, Polo Collar Lounge Tshirts, Striped Regular Fit T-shirt, Textured Polo Collar T-Shirt, Solid Polo Collar T-shirt, Polo Collar Regular T-shirt, Men Cotton Polo T-shirts, Men Polo Collar T-shirt, Cotton Colourblocked T-shirt, Regular Fit Cotton T-shirt, Polo Collar Lounge Tshirts, Polo Collar Cotton T-shirt, Men Polo Collar T-shirt, Boys Polo Collar T-shirt, Men Printed Polo Collar T-shirt, Men Gamer Regular Fit Polo, Striped Polo Collar T-shirt, Women Solid Slim Fit T-shirt, Polo Collar T-shirt, Polo Collar Pure Cotton T-shirt, Polo Collar Lounge Tshirts, Men Booth Embroidered Polo, Pure Cotton Polo T-shirt, Polo Collar T-shirt, Polo Collar Pure Cotton Tshirt, Polo Pure Cotton T-shirt, Polo Collar Lounge Tshirts, Men Spencer Regular Fit Polo, Boys Polo Collar T-shirt, Women Polo Collar T-shirt, Polo Collar Cotton T-shirt, Printed Hooded T-shirt, Men Polo Collar T-shirt, Women Solid T-Shirt]
ProductTitle:Men Casca Regular Fit Polo
ProductTitle:Polo Collar Cotton T-shirt
ProductTitle:Men Polo Collar T-shirt
ProductTitle:Polo Collar Lounge Tshirts
ProductTitle:Men Spencer Regular Fit Polo
ProductTitle:Men Polo Collar Lounge T-shirt
ProductTitle:Polo Collar T-shirt
ProductTitle:Polo Collar T-shirt
ProductTitle:Boys Polo Collar T-shirt
ProductTitle:Boys Polo Collar T-shirt
ProductTitle:Polo Collar Ultra Soft T-shirt
ProductTitle:Ribbed Polo Collar T-shirt
ProductTitle:Solid Polo Collar Pure Cotton T-shirt
ProductTitle:Men Pareto Embroidered Polo
ProductTitle:Polo Collar Lounge Tshirts
ProductTitle:Printed Polo Cotton T-shirt
ProductTitle:Men Territ Regular Fit Polo
ProductTitle:Polo Collar Lounge Tshirts
ProductTitle:Striped Regular Fit T-shirt
]]></system-out>
  </testcase>
  <testcase name="runScenario" classname="com.runner.RunnerTest" time="29.212">
    <failure message="Product title doesn&apos;t contain polo:  expected [true] but found [false]" type="java.lang.AssertionError">java.lang.AssertionError: Product title doesn't contain polo:  expected [true] but found [false]
</failure>
    <system-out><![CDATA[[, Polo Collar Cotton T-shirt, Men Polo Collar T-shirt, Polo Collar Lounge Tshirts, Men Spencer Regular Fit Polo, Men Polo Collar Lounge T-shirt, Polo Collar T-shirt, Polo Collar T-shirt, Boys Polo Collar T-shirt, Boys Polo Collar T-shirt, Polo Collar Ultra Soft T-shirt, Ribbed Polo Collar T-shirt, Solid Polo Collar Pure Cotton T-shirt, Men Pareto Embroidered Polo, Polo Collar Lounge Tshirts, Printed Polo Cotton T-shirt, Men Territ Regular Fit Polo, Polo Collar Lounge Tshirts, Striped Regular Fit T-shirt, Textured Polo Collar T-Shirt, Solid Polo Collar T-shirt, Polo Collar Regular T-shirt, Men Cotton Polo T-shirts, Men Polo Collar T-shirt, Cotton Colourblocked T-shirt, Regular Fit Cotton T-shirt, Polo Collar Lounge Tshirts, Polo Collar Cotton T-shirt, Men Polo Collar T-shirt, Boys Polo Collar T-shirt, Men Printed Polo Collar T-shirt, Men Gamer Regular Fit Polo, Striped Polo Collar T-shirt, Women Solid Slim Fit T-shirt, Polo Collar T-shirt, Polo Collar Pure Cotton T-shirt, Polo Collar Lounge Tshirts, Men Booth Embroidered Polo, Pure Cotton Polo T-shirt, Polo Collar T-shirt, Polo Collar Pure Cotton Tshirt, Polo Pure Cotton T-shirt, Polo Collar Lounge Tshirts, Men Spencer Regular Fit Polo, Boys Polo Collar T-shirt, Women Polo Collar T-shirt, Polo Collar Cotton T-shirt, Printed Hooded T-shirt, Men Polo Collar T-shirt, Women Solid T-Shirt]
ProductTitle:
]]></system-out>
  </testcase>
</testsuite>