<?xml version="1.0" encoding="UTF-8"?>
<!-- Generated by org.testng.reporters.JUnitReportReporter -->
<testsuite hostname="LAPTOP-VTUTN60H" failures="0" tests="1" name="com.iris22a.MensTshirt" time="8.470" errors="0" timestamp="2024-09-30T21:55:21 IST" skipped="0">
  <testcase classname="com.iris22a.MensTshirt" name="verifyIfSearchByPopularityYeildsProperResults" time="8.470"/>
</testsuite> <!-- com.iris22a.MensTshirt -->
