<?xml version="1.0" encoding="UTF-8"?>
<!-- Generated by org.testng.reporters.JUnitReportReporter -->
<testsuite hostname="LAPTOP-VTUTN60H" failures="8" tests="24" name="com.runner.RunnerTest" time="217.899" errors="0" timestamp="2024-09-30T22:00:32 IST" skipped="0">
  <testcase classname="com.runner.RunnerTest" name="runScenario" time="2.277"/>
  <testcase classname="com.runner.RunnerTest" name="runScenario" time="11.731">
    <failure message="Product title doesn&#039;t contain polo:  expected [true] but found [false]" type="java.lang.AssertionError">
      <![CDATA[java.lang.AssertionError: Product title doesn't contain polo:  expected [true] but found [false]
at org.testng.Assert.fail(Assert.java:111)
at org.testng.Assert.failNotEquals(Assert.java:1578)
at org.testng.Assert.assertTrue(Assert.java:57)
at com.iris22a.stepdefinition.ProductsSteps.getSearchResult(ProductsSteps.java:46)
at ✽.All result should be related to polo.(file:///C:/Users/poonam/eclipse-workspace/iris22a/src/test/resources/Features/Sample.feature:40)
]]>
    </failure>
  </testcase> <!-- runScenario -->
  <testcase classname="com.runner.RunnerTest" name="runScenario" time="1.813"/>
  <testcase classname="com.runner.RunnerTest" name="runScenario" time="9.100"/>
  <testcase classname="com.runner.RunnerTest" name="runScenario" time="9.667"/>
  <testcase classname="com.runner.RunnerTest" name="runScenario" time="2.575"/>
  <testcase classname="com.runner.RunnerTest" name="runScenario" time="14.999"/>
  <testcase classname="com.runner.RunnerTest" name="runScenario" time="1.781"/>
  <testcase classname="com.runner.RunnerTest" name="runScenario" time="12.733">
    <failure message="Product title doesn&#039;t contain polo: Striped Regular Fit T-shirt expected [true] but found [false]" type="java.lang.AssertionError">
      <![CDATA[java.lang.AssertionError: Product title doesn't contain polo: Striped Regular Fit T-shirt expected [true] but found [false]
at org.testng.Assert.fail(Assert.java:111)
at org.testng.Assert.failNotEquals(Assert.java:1578)
at org.testng.Assert.assertTrue(Assert.java:57)
at com.iris22a.stepdefinition.ProductsSteps.getSearchResult(ProductsSteps.java:46)
at ✽.All result should be related to polo.(file:///C:/Users/poonam/eclipse-workspace/iris22a/src/test/resources/Features/Sample.feature:30)
]]>
    </failure>
  </testcase> <!-- runScenario -->
  <testcase classname="com.runner.RunnerTest" name="runScenario" time="1.499"/>
  <testcase classname="com.runner.RunnerTest" name="runScenario" time="14.999"/>
  <testcase classname="com.runner.RunnerTest" name="runScenario" time="2.718"/>
  <testcase classname="com.runner.RunnerTest" name="runScenario" time="14.984">
    <failure message="Product title doesn&#039;t contain polo: Striped Regular Fit T-shirt expected [true] but found [false]" type="java.lang.AssertionError">
      <![CDATA[java.lang.AssertionError: Product title doesn't contain polo: Striped Regular Fit T-shirt expected [true] but found [false]
at org.testng.Assert.fail(Assert.java:111)
at org.testng.Assert.failNotEquals(Assert.java:1578)
at org.testng.Assert.assertTrue(Assert.java:57)
at com.iris22a.stepdefinition.ProductsSteps.getSearchResult(ProductsSteps.java:46)
at ✽.All result should be related to polo.(file:///C:/Users/poonam/eclipse-workspace/iris22a/src/test/resources/Features/Sample.feature:7)
]]>
    </failure>
  </testcase> <!-- runScenario -->
  <testcase classname="com.runner.RunnerTest" name="runScenario" time="10.192"/>
  <testcase classname="com.runner.RunnerTest" name="runScenario" time="31.477">
    <failure message="Product title doesn&#039;t contain polo:  expected [true] but found [false]" type="java.lang.AssertionError">
      <![CDATA[java.lang.AssertionError: Product title doesn't contain polo:  expected [true] but found [false]
at org.testng.Assert.fail(Assert.java:111)
at org.testng.Assert.failNotEquals(Assert.java:1578)
at org.testng.Assert.assertTrue(Assert.java:57)
at com.iris22a.stepdefinition.ProductsSteps.getSearchResult(ProductsSteps.java:46)
at ✽.All result should be related to polo.(file:///C:/Users/poonam/eclipse-workspace/iris22a/src/test/resources/Features/products.feature:30)
]]>
    </failure>
  </testcase> <!-- runScenario -->
  <testcase classname="com.runner.RunnerTest" name="runScenario" time="9.651"/>
  <testcase classname="com.runner.RunnerTest" name="runScenario" time="8.687"/>
  <testcase classname="com.runner.RunnerTest" name="runScenario" time="10.956">
    <failure message="Product title doesn&#039;t contain polo: Striped Regular Fit T-shirt expected [true] but found [false]" type="java.lang.AssertionError">
      <![CDATA[java.lang.AssertionError: Product title doesn't contain polo: Striped Regular Fit T-shirt expected [true] but found [false]
at org.testng.Assert.fail(Assert.java:111)
at org.testng.Assert.failNotEquals(Assert.java:1578)
at org.testng.Assert.assertTrue(Assert.java:57)
at com.iris22a.stepdefinition.ProductsSteps.getSearchResult(ProductsSteps.java:46)
at ✽.All result should be related to polo.(file:///C:/Users/poonam/eclipse-workspace/iris22a/src/test/resources/Features/products.feature:40)
]]>
    </failure>
  </testcase> <!-- runScenario -->
  <testcase classname="com.runner.RunnerTest" name="runScenario" time="2.167"/>
  <testcase classname="com.runner.RunnerTest" name="runScenario" time="11.313"/>
  <testcase classname="com.runner.RunnerTest" name="runScenario" time="9.501">
    <failure message="Product title doesn&#039;t contain polo: Striped Regular Fit T-shirt expected [true] but found [false]" type="java.lang.AssertionError">
      <![CDATA[java.lang.AssertionError: Product title doesn't contain polo: Striped Regular Fit T-shirt expected [true] but found [false]
at org.testng.Assert.fail(Assert.java:111)
at org.testng.Assert.failNotEquals(Assert.java:1578)
at org.testng.Assert.assertTrue(Assert.java:57)
at com.iris22a.stepdefinition.ProductsSteps.getSearchResult(ProductsSteps.java:46)
at ✽.All result should be related to polo.(file:///C:/Users/poonam/eclipse-workspace/iris22a/src/test/resources/Features/products.feature:18)
]]>
    </failure>
  </testcase> <!-- runScenario -->
  <testcase classname="com.runner.RunnerTest" name="runScenario" time="9.411">
    <failure message="Product title doesn&#039;t contain polo: Striped Regular Fit T-shirt expected [true] but found [false]" type="java.lang.AssertionError">
      <![CDATA[java.lang.AssertionError: Product title doesn't contain polo: Striped Regular Fit T-shirt expected [true] but found [false]
at org.testng.Assert.fail(Assert.java:111)
at org.testng.Assert.failNotEquals(Assert.java:1578)
at org.testng.Assert.assertTrue(Assert.java:57)
at com.iris22a.stepdefinition.ProductsSteps.getSearchResult(ProductsSteps.java:46)
at ✽.All result should be related to polo.(file:///C:/Users/poonam/eclipse-workspace/iris22a/src/test/resources/Features/products.feature:7)
]]>
    </failure>
  </testcase> <!-- runScenario -->
  <testcase classname="com.runner.RunnerTest" name="runScenario" time="1.759"/>
  <testcase classname="com.runner.RunnerTest" name="runScenario" time="11.909">
    <failure message="Product title doesn&#039;t contain polo:  expected [true] but found [false]" type="java.lang.AssertionError">
      <![CDATA[java.lang.AssertionError: Product title doesn't contain polo:  expected [true] but found [false]
at org.testng.Assert.fail(Assert.java:111)
at org.testng.Assert.failNotEquals(Assert.java:1578)
at org.testng.Assert.assertTrue(Assert.java:57)
at com.iris22a.stepdefinition.ProductsSteps.getSearchResult(ProductsSteps.java:46)
at ✽.All result should be related to polo.(file:///C:/Users/poonam/eclipse-workspace/iris22a/src/test/resources/Features/Sample.feature:18)
]]>
    </failure>
  </testcase> <!-- runScenario -->
</testsuite> <!-- com.runner.RunnerTest -->
